<?xml version="1.0" encoding="UTF-8"?>
<testsuite xmlns:xsi="http://www.w3.org/2001/XMLSchema-instance" xsi:noNamespaceSchemaLocation="https://maven.apache.org/surefire/maven-surefire-plugin/xsd/surefire-test-report-3.0.xsd" version="3.0" name="com.arrowsmith.minesweeper.model.MinesweeperTest" time="0.04" tests="4" errors="0" skipped="0" failures="0">
  <properties>
[...]
</properties>
  <testcase name="selectSquareRevealsSquare" classname="com.arrowsmith.minesweeper.model.MinesweeperTest" time="0.014"/>
  <testcase name="generateGridNotNull" classname="com.arrowsmith.minesweeper.model.MinesweeperTest" time="0.005"/>
  <testcase name="flagSquare" classname="com.arrowsmith.minesweeper.model.MinesweeperTest" time="0.007">
    <system-out><![CDATA[Flagging row: 0, column: 0
]]></system-out>
  </testcase>
  <testcase name="generateGridOfCertainSize" classname="com.arrowsmith.minesweeper.model.MinesweeperTest" time="0.005"/>
</testsuite>